build/app/intermediates/manifest_merge_blame_file/release/manifest-merger-blame-release-report.txt
1<?xml version="1.0" encoding="utf-8"?>
2<manifest xmlns:android="http://schemas.android.com/apk/res/android"
3    package="com.pits.pos"
4    android:versionCode="1"
5    android:versionName="1.0.0" >
6
7    <uses-sdk
8        android:minSdkVersion="21"
8-->src\main\AndroidManifest.xml
9        android:targetSdkVersion="29" />
9-->src\main\AndroidManifest.xml
10    <!--
11         io.flutter.app.FlutterApplication is an android.app.Application that
12         calls FlutterMain.startInitialization(this); in its onCreate method.
13         In most cases you can leave this as-is, but you if you want to provide
14         additional functionality it is fine to subclass or reimplement
15         FlutterApplication and put your custom class here.
16    -->
17    <uses-permission android:name="android.permission.INTERNET" />
17-->src\main\AndroidManifest.xml:8:5-66
17-->src\main\AndroidManifest.xml:8:22-64
18    <uses-permission android:name="android.permission.ACCESS_NETWORK_STATE" />
18-->src\main\AndroidManifest.xml:10:5-79
18-->src\main\AndroidManifest.xml:10:22-76
19    <uses-permission android:name="android.permission.ACCESS_WIFI_STATE" />
19-->src\main\AndroidManifest.xml:11:5-76
19-->src\main\AndroidManifest.xml:11:22-73
20    <uses-permission android:name="android.permission.CHANGE_WIFI_STATE" />
20-->src\main\AndroidManifest.xml:12:5-76
20-->src\main\AndroidManifest.xml:12:22-73
21    <uses-permission android:name="android.permission.ACCESS_FINE_LOCATION" />
21-->src\main\AndroidManifest.xml:13:5-79
21-->src\main\AndroidManifest.xml:13:22-76
22    <uses-permission android:name="android.permission.ACCESS_COARSE_LOCATION" />
22-->src\main\AndroidManifest.xml:14:5-81
22-->src\main\AndroidManifest.xml:14:22-78
23    <uses-permission android:name="android.permission.CAMERA" />
23-->[:flutter_barcode_scanner] AndroidManifest.xml:9:5-65
23-->[:flutter_barcode_scanner] AndroidManifest.xml:9:22-62
24
25    <uses-feature android:name="android.hardware.camera" />
25-->[:flutter_barcode_scanner] AndroidManifest.xml:11:5-60
25-->[:flutter_barcode_scanner] AndroidManifest.xml:11:19-57
26
27    <uses-permission android:name="android.permission.FLASHLIGHT" />
27-->[:flutter_barcode_scanner] AndroidManifest.xml:13:5-69
27-->[:flutter_barcode_scanner] AndroidManifest.xml:13:22-66
28    <uses-permission android:name="android.permission.REQUEST_INSTALL_PACKAGES" />
28-->[:open_file] AndroidManifest.xml:8:5-83
28-->[:open_file] AndroidManifest.xml:8:22-80
29    <uses-permission android:name="android.permission.READ_EXTERNAL_STORAGE" />
29-->[:open_file] AndroidManifest.xml:9:5-80
29-->[:open_file] AndroidManifest.xml:9:22-77
30
31    <uses-feature
31-->[com.google.android.gms:play-services-maps:17.0.0] AndroidManifest.xml:26:5-28:35
32        android:glEsVersion="0x00020000"
32-->[com.google.android.gms:play-services-maps:17.0.0] AndroidManifest.xml:27:9-41
33        android:required="true" />
33-->[com.google.android.gms:play-services-maps:17.0.0] AndroidManifest.xml:28:9-32
34
35    <application
35-->src\main\AndroidManifest.xml:15:5-57:19
36        android:name="io.flutter.app.FlutterApplication"
36-->src\main\AndroidManifest.xml:16:9-57
37        android:appComponentFactory="androidx.core.app.CoreComponentFactory"
37-->[androidx.core:core:1.3.1] AndroidManifest.xml:24:18-86
38        android:icon="@mipmap/launcher_icon"
38-->src\main\AndroidManifest.xml:18:9-45
39        android:label="POS"
39-->src\main\AndroidManifest.xml:17:9-28
40        android:largeHeap="true"
40-->[:flutter_barcode_scanner] AndroidManifest.xml:16:9-33
41        android:theme="@style/Theme.AppCompat.NoActionBar" >
41-->[:flutter_barcode_scanner] AndroidManifest.xml:17:9-59
42        <activity
42-->src\main\AndroidManifest.xml:21:9-49:20
43            android:name="com.pits.pos.MainActivity"
43-->src\main\AndroidManifest.xml:22:13-41
44            android:configChanges="orientation|keyboardHidden|keyboard|screenSize|smallestScreenSize|locale|layoutDirection|fontScale|screenLayout|density|uiMode"
44-->src\main\AndroidManifest.xml:25:13-163
45            android:hardwareAccelerated="true"
45-->src\main\AndroidManifest.xml:26:13-47
46            android:launchMode="singleTop"
46-->src\main\AndroidManifest.xml:23:13-43
47            android:theme="@style/LaunchTheme"
47-->src\main\AndroidManifest.xml:24:13-47
48            android:windowSoftInputMode="adjustResize" >
48-->src\main\AndroidManifest.xml:27:13-55
49
50            <!--
51                 Specifies an Android theme to apply to this Activity as soon as
52                 the Android process has started. This theme is visible to the user
53                 while the Flutter UI initializes. After that, this theme continues
54                 to determine the Window background behind the Flutter UI.
55            -->
56            <meta-data
56-->src\main\AndroidManifest.xml:32:13-35:17
57                android:name="io.flutter.embedding.android.NormalTheme"
57-->src\main\AndroidManifest.xml:33:15-70
58                android:resource="@style/NormalTheme" />
58-->src\main\AndroidManifest.xml:34:15-52
59            <!--
60                 Displays an Android View that continues showing the launch screen
61                 Drawable until Flutter paints its first frame, then this splash
62                 screen fades out. A splash screen is useful to avoid any visual
63                 gap between the end of Android's launch screen and the painting of
64                 Flutter's first frame.
65            -->
66            <meta-data
66-->src\main\AndroidManifest.xml:41:13-44:17
67                android:name="io.flutter.embedding.android.SplashScreenDrawable"
67-->src\main\AndroidManifest.xml:42:15-79
68                android:resource="@drawable/launch_background" />
68-->src\main\AndroidManifest.xml:43:15-61
69
70            <intent-filter>
70-->src\main\AndroidManifest.xml:45:13-48:29
71                <action android:name="android.intent.action.MAIN" />
71-->src\main\AndroidManifest.xml:46:17-68
71-->src\main\AndroidManifest.xml:46:25-66
72
73                <category android:name="android.intent.category.LAUNCHER" />
73-->src\main\AndroidManifest.xml:47:17-76
73-->src\main\AndroidManifest.xml:47:27-74
74            </intent-filter>
75        </activity>
76        <!--
77             Don't delete the meta-data below.
78             This is used by the Flutter tool to generate GeneratedPluginRegistrant.java
79        -->
80        <meta-data
80-->src\main\AndroidManifest.xml:52:9-54:33
81            android:name="flutterEmbedding"
81-->src\main\AndroidManifest.xml:53:13-44
82            android:value="2" />
82-->src\main\AndroidManifest.xml:54:13-30
83        <meta-data
83-->src\main\AndroidManifest.xml:55:10-56:66
84            android:name="com.google.android.geo.API_KEY"
84-->src\main\AndroidManifest.xml:55:21-66
85            android:value="AIzaSyBOqw-OiYlhEK7eOCVTuxSSBGxcPIAvE0A" />
85-->src\main\AndroidManifest.xml:56:9-64
86
87        <activity android:name="com.amolg.flutterbarcodescanner.BarcodeCaptureActivity" />
87-->[:flutter_barcode_scanner] AndroidManifest.xml:18:9-91
87-->[:flutter_barcode_scanner] AndroidManifest.xml:18:19-88
88
89        <provider
89-->[:open_file] AndroidManifest.xml:12:9-21:20
90            android:name="com.crazecoder.openfile.FileProvider"
90-->[:open_file] AndroidManifest.xml:13:13-64
91            android:authorities="com.pits.pos.fileProvider.com.crazecoder.openfile"
91-->[:open_file] AndroidManifest.xml:14:13-88
92            android:exported="false"
92-->[:open_file] AndroidManifest.xml:15:13-37
93            android:grantUriPermissions="true" >
93-->[:open_file] AndroidManifest.xml:16:13-47
94            <meta-data
94-->[:open_file] AndroidManifest.xml:18:13-20:53
95                android:name="android.support.FILE_PROVIDER_PATHS"
95-->[:open_file] AndroidManifest.xml:19:17-67
96                android:resource="@xml/filepaths" />
96-->[:open_file] AndroidManifest.xml:20:17-50
97        </provider>
98
99        <activity
99-->[:url_launcher] AndroidManifest.xml:8:9-11:74
100            android:name="io.flutter.plugins.urllauncher.WebViewActivity"
100-->[:url_launcher] AndroidManifest.xml:9:13-74
101            android:exported="false"
101-->[:url_launcher] AndroidManifest.xml:10:13-37
102            android:theme="@android:style/Theme.NoTitleBar.Fullscreen" /> <!-- Needs to be explicitly declared on P+ -->
102-->[:url_launcher] AndroidManifest.xml:11:13-71
103        <uses-library
103-->[com.google.android.gms:play-services-maps:17.0.0] AndroidManifest.xml:33:9-35:40
104            android:name="org.apache.http.legacy"
104-->[com.google.android.gms:play-services-maps:17.0.0] AndroidManifest.xml:34:13-50
105            android:required="false" />
105-->[com.google.android.gms:play-services-maps:17.0.0] AndroidManifest.xml:35:13-37
106
107        <activity
107-->[com.google.android.gms:play-services-base:17.4.0] AndroidManifest.xml:23:9-26:75
108            android:name="com.google.android.gms.common.api.GoogleApiActivity"
108-->[com.google.android.gms:play-services-base:17.4.0] AndroidManifest.xml:24:13-79
109            android:exported="false"
109-->[com.google.android.gms:play-services-base:17.4.0] AndroidManifest.xml:25:13-37
110            android:theme="@android:style/Theme.Translucent.NoTitleBar" />
110-->[com.google.android.gms:play-services-base:17.4.0] AndroidManifest.xml:26:13-72
111
112        <meta-data
112-->[com.google.android.gms:play-services-basement:17.4.0] AndroidManifest.xml:23:9-25:69
113            android:name="com.google.android.gms.version"
113-->[com.google.android.gms:play-services-basement:17.4.0] AndroidManifest.xml:24:13-58
114            android:value="@integer/google_play_services_version" />
114-->[com.google.android.gms:play-services-basement:17.4.0] AndroidManifest.xml:25:13-66
115    </application>
116
117</manifest>